2022-08-11 10:43:24 0 [Note] InnoDB: Mutexes and rw_locks use Windows interlocked functions
2022-08-11 10:43:24 0 [Note] InnoDB: Uses event mutexes
2022-08-11 10:43:24 0 [Note] InnoDB: Compressed tables use zlib 1.2.11
2022-08-11 10:43:24 0 [Note] InnoDB: Number of pools: 1
2022-08-11 10:43:24 0 [Note] InnoDB: Using SSE2 crc32 instructions
2022-08-11 10:43:24 0 [Note] InnoDB: Initializing buffer pool, total size = 128M, instances = 1, chunk size = 128M
2022-08-11 10:43:24 0 [Note] InnoDB: Completed initialization of buffer pool
2022-08-11 10:43:24 0 [Note] InnoDB: 128 out of 128 rollback segments are active.
2022-08-11 10:43:24 0 [Note] InnoDB: Creating shared tablespace for temporary tables
2022-08-11 10:43:24 0 [Note] InnoDB: Setting file '.\ibtmp1' size to 12 MB. Physically writing the file full; Please wait ...
2022-08-11 10:43:24 0 [Note] InnoDB: File '.\ibtmp1' size is now 12 MB.
2022-08-11 10:43:24 0 [Note] InnoDB: Waiting for purge to start
2022-08-11 10:43:24 0 [Note] InnoDB: 10.3.22 started; log sequence number 1625448; transaction id 21
2022-08-11 10:43:24 0 [Note] InnoDB: Loading buffer pool(s) from C:\php-sdk-binary-tools\pgo\work\server\mariadb\data\ib_buffer_pool
2022-08-11 10:43:24 0 [Note] InnoDB: Buffer pool(s) load completed at 220811 10:43:24
2022-08-11 10:43:24 0 [Note] Plugin 'FEEDBACK' is disabled.
2022-08-11 10:43:24 0 [Note] Server socket created on IP: '::'.
2022-08-11 10:43:24 0 [Note] Reading of all Master_info entries succeeded
2022-08-11 10:43:24 0 [Note] Added new Master_info '' to hash table
2022-08-11 10:43:24 0 [Note] .\bin\mysqld.exe: ready for connections.
Version: '10.3.22-MariaDB'  socket: ''  port: 3307  mariadb.org binary distribution
2022-08-11 10:43:26 0 [Note] .\bin\mysqld.exe (initiated by: root[root] @ localhost [::1]): Normal shutdown
2022-08-11 10:43:26 0 [Note] Event Scheduler: Purging the queue. 0 events
2022-08-11 10:43:26 0 [Note] InnoDB: FTS optimize thread exiting.
2022-08-11 10:43:26 0 [Note] InnoDB: Starting shutdown...
2022-08-11 10:43:26 0 [Note] InnoDB: Dumping buffer pool(s) to C:\php-sdk-binary-tools\pgo\work\server\mariadb\data\ib_buffer_pool
2022-08-11 10:43:26 0 [Note] InnoDB: Buffer pool(s) dump completed at 220811 10:43:26
2022-08-11 10:43:27 0 [Note] InnoDB: Mutexes and rw_locks use Windows interlocked functions
2022-08-11 10:43:27 0 [Note] InnoDB: Uses event mutexes
2022-08-11 10:43:27 0 [Note] InnoDB: Compressed tables use zlib 1.2.11
2022-08-11 10:43:27 0 [Note] InnoDB: Number of pools: 1
2022-08-11 10:43:27 0 [Note] InnoDB: Using SSE2 crc32 instructions
2022-08-11 10:43:27 0 [Note] InnoDB: Initializing buffer pool, total size = 128M, instances = 1, chunk size = 128M
2022-08-11 10:43:27 0 [Note] InnoDB: Completed initialization of buffer pool
2022-08-11 10:43:27 0 [Note] InnoDB: Starting crash recovery from checkpoint LSN=1625448
2022-08-11 10:43:28 0 [Note] InnoDB: 128 out of 128 rollback segments are active.
2022-08-11 10:43:28 0 [Note] InnoDB: Removed temporary tablespace data file: "ibtmp1"
2022-08-11 10:43:28 0 [Note] InnoDB: Creating shared tablespace for temporary tables
2022-08-11 10:43:28 0 [Note] InnoDB: Setting file '.\ibtmp1' size to 12 MB. Physically writing the file full; Please wait ...
2022-08-11 10:43:28 0 [Note] InnoDB: File '.\ibtmp1' size is now 12 MB.
2022-08-11 10:43:28 0 [Note] InnoDB: Waiting for purge to start
2022-08-11 10:43:28 0 [Note] InnoDB: 10.3.22 started; log sequence number 1625457; transaction id 21
2022-08-11 10:43:28 0 [Note] InnoDB: Loading buffer pool(s) from C:\php-sdk-binary-tools\pgo\work\server\mariadb\data\ib_buffer_pool
2022-08-11 10:43:28 0 [Note] InnoDB: Buffer pool(s) load completed at 220811 10:43:28
2022-08-11 10:43:28 0 [Note] Plugin 'FEEDBACK' is disabled.
2022-08-11 10:43:28 0 [Note] Server socket created on IP: '::'.
2022-08-11 10:43:28 0 [Note] Reading of all Master_info entries succeeded
2022-08-11 10:43:28 0 [Note] Added new Master_info '' to hash table
2022-08-11 10:43:28 0 [Note] .\bin\mysqld.exe: ready for connections.
Version: '10.3.22-MariaDB'  socket: ''  port: 3307  mariadb.org binary distribution
2022-08-11 10:43:38 0 [Note] .\bin\mysqld.exe (initiated by: root[root] @ localhost [::1]): Normal shutdown
2022-08-11 10:43:38 0 [Note] Event Scheduler: Purging the queue. 0 events
2022-08-11 10:43:38 0 [Note] InnoDB: FTS optimize thread exiting.
2022-08-11 10:43:38 0 [Note] InnoDB: Starting shutdown...
2022-08-11 10:43:38 0 [Note] InnoDB: Dumping buffer pool(s) to C:\php-sdk-binary-tools\pgo\work\server\mariadb\data\ib_buffer_pool
2022-08-11 10:43:38 0 [Note] InnoDB: Buffer pool(s) dump completed at 220811 10:43:38
2022-08-11 10:43:39 0 [Note] InnoDB: Shutdown completed; log sequence number 1625475; transaction id 22
2022-08-11 10:43:39 0 [Note] InnoDB: Removed temporary tablespace data file: "ibtmp1"
2022-08-11 10:43:39 0 [Note] .\bin\mysqld.exe: Shutdown complete

2022-08-11 10:59:43 0 [Note] InnoDB: Mutexes and rw_locks use Windows interlocked functions
2022-08-11 10:59:43 0 [Note] InnoDB: Uses event mutexes
2022-08-11 10:59:43 0 [Note] InnoDB: Compressed tables use zlib 1.2.11
2022-08-11 10:59:43 0 [Note] InnoDB: Number of pools: 1
2022-08-11 10:59:43 0 [Note] InnoDB: Using SSE2 crc32 instructions
2022-08-11 10:59:43 0 [Note] InnoDB: Initializing buffer pool, total size = 128M, instances = 1, chunk size = 128M
2022-08-11 10:59:43 0 [Note] InnoDB: Completed initialization of buffer pool
2022-08-11 10:59:43 0 [Note] InnoDB: 128 out of 128 rollback segments are active.
2022-08-11 10:59:43 0 [Note] InnoDB: Creating shared tablespace for temporary tables
2022-08-11 10:59:43 0 [Note] InnoDB: Setting file '.\ibtmp1' size to 12 MB. Physically writing the file full; Please wait ...
2022-08-11 10:59:43 0 [Note] InnoDB: File '.\ibtmp1' size is now 12 MB.
2022-08-11 10:59:43 0 [Note] InnoDB: Waiting for purge to start
2022-08-11 10:59:43 0 [Note] InnoDB: 10.3.22 started; log sequence number 1625475; transaction id 21
2022-08-11 10:59:43 0 [Note] InnoDB: Loading buffer pool(s) from C:\php-sdk-binary-tools\pgo\work\server\mariadb\data\ib_buffer_pool
2022-08-11 10:59:43 0 [Note] InnoDB: Buffer pool(s) load completed at 220811 10:59:43
2022-08-11 10:59:43 0 [Note] Plugin 'FEEDBACK' is disabled.
2022-08-11 10:59:43 0 [Note] Server socket created on IP: '::'.
2022-08-11 10:59:43 0 [Note] Reading of all Master_info entries succeeded
2022-08-11 10:59:43 0 [Note] Added new Master_info '' to hash table
2022-08-11 10:59:43 0 [Note] .\bin\mysqld.exe: ready for connections.
Version: '10.3.22-MariaDB'  socket: ''  port: 3307  mariadb.org binary distribution
2022-08-11 10:59:46 0 [Note] .\bin\mysqld.exe (initiated by: root[root] @ localhost [::1]): Normal shutdown
2022-08-11 10:59:46 0 [Note] Event Scheduler: Purging the queue. 0 events
2022-08-11 10:59:46 0 [Note] InnoDB: FTS optimize thread exiting.
2022-08-11 10:59:46 0 [Note] InnoDB: Starting shutdown...
2022-08-11 10:59:46 0 [Note] InnoDB: Dumping buffer pool(s) to C:\php-sdk-binary-tools\pgo\work\server\mariadb\data\ib_buffer_pool
2022-08-11 10:59:46 0 [Note] InnoDB: Buffer pool(s) dump completed at 220811 10:59:46
2022-08-11 10:59:46 0 [Note] InnoDB: Shutdown completed; log sequence number 1625484; transaction id 22
2022-08-11 10:59:46 0 [Note] InnoDB: Removed temporary tablespace data file: "ibtmp1"
2022-08-11 10:59:46 0 [Note] .\bin\mysqld.exe: Shutdown complete

2022-08-11 10:59:47 0 [Note] InnoDB: Mutexes and rw_locks use Windows interlocked functions
2022-08-11 10:59:47 0 [Note] InnoDB: Uses event mutexes
2022-08-11 10:59:47 0 [Note] InnoDB: Compressed tables use zlib 1.2.11
2022-08-11 10:59:47 0 [Note] InnoDB: Number of pools: 1
2022-08-11 10:59:47 0 [Note] InnoDB: Using SSE2 crc32 instructions
2022-08-11 10:59:47 0 [Note] InnoDB: Initializing buffer pool, total size = 128M, instances = 1, chunk size = 128M
2022-08-11 10:59:47 0 [Note] InnoDB: Completed initialization of buffer pool
2022-08-11 10:59:47 0 [Note] InnoDB: 128 out of 128 rollback segments are active.
2022-08-11 10:59:47 0 [Note] InnoDB: Creating shared tablespace for temporary tables
2022-08-11 10:59:47 0 [Note] InnoDB: Setting file '.\ibtmp1' size to 12 MB. Physically writing the file full; Please wait ...
2022-08-11 10:59:47 0 [Note] InnoDB: File '.\ibtmp1' size is now 12 MB.
2022-08-11 10:59:47 0 [Note] InnoDB: Waiting for purge to start
2022-08-11 10:59:47 0 [Note] InnoDB: 10.3.22 started; log sequence number 1625484; transaction id 21
2022-08-11 10:59:47 0 [Note] InnoDB: Loading buffer pool(s) from C:\php-sdk-binary-tools\pgo\work\server\mariadb\data\ib_buffer_pool
2022-08-11 10:59:47 0 [Note] InnoDB: Buffer pool(s) load completed at 220811 10:59:47
2022-08-11 10:59:47 0 [Note] Plugin 'FEEDBACK' is disabled.
2022-08-11 10:59:47 0 [Note] Server socket created on IP: '::'.
2022-08-11 10:59:47 0 [Note] Reading of all Master_info entries succeeded
2022-08-11 10:59:47 0 [Note] Added new Master_info '' to hash table
2022-08-11 10:59:47 0 [Note] .\bin\mysqld.exe: ready for connections.
Version: '10.3.22-MariaDB'  socket: ''  port: 3307  mariadb.org binary distribution
2022-08-11 10:59:58 0 [Note] .\bin\mysqld.exe (initiated by: root[root] @ localhost [::1]): Normal shutdown
2022-08-11 10:59:58 0 [Note] Event Scheduler: Purging the queue. 0 events
2022-08-11 10:59:58 0 [Note] InnoDB: FTS optimize thread exiting.
2022-08-11 10:59:58 0 [Note] InnoDB: Starting shutdown...
2022-08-11 10:59:58 0 [Note] InnoDB: Dumping buffer pool(s) to C:\php-sdk-binary-tools\pgo\work\server\mariadb\data\ib_buffer_pool
2022-08-11 10:59:58 0 [Note] InnoDB: Buffer pool(s) dump completed at 220811 10:59:58
2022-08-11 10:59:58 0 [Note] InnoDB: Shutdown completed; log sequence number 1625493; transaction id 22
2022-08-11 10:59:58 0 [Note] InnoDB: Removed temporary tablespace data file: "ibtmp1"
2022-08-11 10:59:58 0 [Note] .\bin\mysqld.exe: Shutdown complete

2022-08-11 11:00:18 0 [Note] InnoDB: Mutexes and rw_locks use Windows interlocked functions
2022-08-11 11:00:18 0 [Note] InnoDB: Uses event mutexes
2022-08-11 11:00:18 0 [Note] InnoDB: Compressed tables use zlib 1.2.11
2022-08-11 11:00:18 0 [Note] InnoDB: Number of pools: 1
2022-08-11 11:00:18 0 [Note] InnoDB: Using SSE2 crc32 instructions
2022-08-11 11:00:18 0 [Note] InnoDB: Initializing buffer pool, total size = 128M, instances = 1, chunk size = 128M
2022-08-11 11:00:18 0 [Note] InnoDB: Completed initialization of buffer pool
2022-08-11 11:00:18 0 [Note] InnoDB: 128 out of 128 rollback segments are active.
2022-08-11 11:00:18 0 [Note] InnoDB: Creating shared tablespace for temporary tables
2022-08-11 11:00:18 0 [Note] InnoDB: Setting file '.\ibtmp1' size to 12 MB. Physically writing the file full; Please wait ...
2022-08-11 11:00:18 0 [Note] InnoDB: File '.\ibtmp1' size is now 12 MB.
2022-08-11 11:00:18 0 [Note] InnoDB: Waiting for purge to start
2022-08-11 11:00:18 0 [Note] InnoDB: 10.3.22 started; log sequence number 1625493; transaction id 21
2022-08-11 11:00:18 0 [Note] InnoDB: Loading buffer pool(s) from C:\php-sdk-binary-tools\pgo\work\server\mariadb\data\ib_buffer_pool
2022-08-11 11:00:18 0 [Note] InnoDB: Buffer pool(s) load completed at 220811 11:00:18
2022-08-11 11:00:18 0 [Note] Plugin 'FEEDBACK' is disabled.
2022-08-11 11:00:18 0 [Note] Server socket created on IP: '::'.
2022-08-11 11:00:18 0 [Note] Reading of all Master_info entries succeeded
2022-08-11 11:00:18 0 [Note] Added new Master_info '' to hash table
2022-08-11 11:00:18 0 [Note] .\bin\mysqld.exe: ready for connections.
Version: '10.3.22-MariaDB'  socket: ''  port: 3307  mariadb.org binary distribution
2022-08-11 11:03:44 0 [Note] .\bin\mysqld.exe (initiated by: root[root] @ localhost [::1]): Normal shutdown
2022-08-11 11:03:44 0 [Note] Event Scheduler: Purging the queue. 0 events
2022-08-11 11:03:44 0 [Note] InnoDB: FTS optimize thread exiting.
2022-08-11 11:03:44 0 [Note] InnoDB: Starting shutdown...
2022-08-11 11:03:44 0 [Note] InnoDB: Dumping buffer pool(s) to C:\php-sdk-binary-tools\pgo\work\server\mariadb\data\ib_buffer_pool
2022-08-11 11:03:44 0 [Note] InnoDB: Buffer pool(s) dump completed at 220811 11:03:44
2022-08-11 11:03:45 0 [Note] InnoDB: Shutdown completed; log sequence number 1625502; transaction id 22
2022-08-11 11:03:45 0 [Note] InnoDB: Removed temporary tablespace data file: "ibtmp1"
2022-08-11 11:03:45 0 [Note] .\bin\mysqld.exe: Shutdown complete

